<?xml version="1.0" encoding="UTF-8"?>
<!-- Generated by org.testng.reporters.JUnitXMLReporter -->
<testsuite hostname="Rameshs-MacBook-Pro.local" name="sprint1" tests="3" failures="1" timestamp="21 Mar 2017 14:42:36 GMT" time="0.036" errors="0">
  <testcase name="tc" time="0.01" classname="failed_tc.Tc1"/>
  <testcase name="tc" time="0.001" classname="failed_tc.Tc2"/>
  <testcase name="tc" time="0.004" classname="failed_tc.Tc3">
    <failure type="java.lang.AssertionError" message="expected [true] but found [false]">
      <![CDATA[java.lang.AssertionError: expected [true] but found [false]
	at failed_tc.Tc3.tc(Tc3.java:11)
... Removed 28 stack frames]]>
    </failure>
  </testcase> <!-- tc -->
</testsuite> <!-- sprint1 -->
