<?xml version="1.0" encoding="UTF-8"?>
<!-- Generated by org.testng.reporters.JUnitXMLReporter -->
<testsuite hostname="Rameshs-MacBook-Pro.local" name="sprint1(failed)" tests="1" failures="1" timestamp="21 Mar 2017 15:55:46 GMT" time="0.021" errors="0">
  <testcase name="tc" time="0.007" classname="failed_tc.Tc3">
    <failure type="java.lang.AssertionError" message="expected [true] but found [false]">
      <![CDATA[java.lang.AssertionError: expected [true] but found [false]
	at failed_tc.Tc3.tc(Tc3.java:11)
	at runner.TestRunner.main(TestRunner.java:22)
... Removed 25 stack frames]]>
    </failure>
  </testcase> <!-- tc -->
</testsuite> <!-- sprint1(failed) -->
